<?xml version="1.0" encoding="UTF-8"?>
<robot generator="Robot 7.2.2 (Python 3.13.2 on win32)" generated="2025-02-19T14:16:50.516334" rpa="false" schemaversion="5">
<suite id="s1" name="Login Steps" source="c:\development\studyRobot-lume\test\login_steps.robot">
<kw name="Open Browser" owner="SeleniumLibrary" type="SETUP">
<msg time="2025-02-19T14:16:51.295860" level="INFO">Opening browser 'edge' to base url 'None'.</msg>
<arg>browser=edge</arg>
<doc>Opens a new browser instance to the optional ``url``.</doc>
<status status="PASS" start="2025-02-19T14:16:51.294569" elapsed="4.637037"/>
</kw>
<test id="s1-t1" name="Successful login" line="7">
<kw name="I navigate to the login page" owner="keywords_login">
<kw name="Go To" owner="SeleniumLibrary">
<msg time="2025-02-19T14:16:55.949880" level="INFO">Opening url 'https://www.saucedemo.com'</msg>
<arg>${URL_DATA["baseUrl"]}</arg>
<doc>Navigates the current browser window to the provided ``url``.</doc>
<status status="PASS" start="2025-02-19T14:16:55.948353" elapsed="3.062483"/>
</kw>
<status status="PASS" start="2025-02-19T14:16:55.947455" elapsed="3.063979"/>
</kw>
<kw name="I input correct credentials" owner="keywords_login">
<kw name="Wait Until Element Is Visible" owner="SeleniumLibrary">
<arg>id=user-name</arg>
<doc>Waits until the element ``locator`` is visible.</doc>
<status status="PASS" start="2025-02-19T14:16:59.025030" elapsed="0.124795"/>
</kw>
<kw name="Input Text" owner="SeleniumLibrary">
<msg time="2025-02-19T14:16:59.153308" level="INFO">Typing text 'standard_user' into text field 'id=user-name'.</msg>
<arg>id=user-name</arg>
<arg>${LOGIN_DATA["correctData"]["username"]}</arg>
<doc>Types the given ``text`` into the text field identified by ``locator``.</doc>
<status status="PASS" start="2025-02-19T14:16:59.151027" elapsed="0.281127"/>
</kw>
<kw name="Input Text" owner="SeleniumLibrary">
<msg time="2025-02-19T14:16:59.433528" level="INFO">Typing text 'secret_sauce' into text field 'id=password'.</msg>
<arg>id=password</arg>
<arg>${LOGIN_DATA["correctData"]["password"]}</arg>
<doc>Types the given ``text`` into the text field identified by ``locator``.</doc>
<status status="PASS" start="2025-02-19T14:16:59.432725" elapsed="0.180226"/>
</kw>
<status status="PASS" start="2025-02-19T14:16:59.022924" elapsed="0.590457"/>
</kw>
<kw name="I click on the login button" owner="keywords_login">
<kw name="Click Button" owner="SeleniumLibrary">
<msg time="2025-02-19T14:16:59.616344" level="INFO">Clicking button 'id=login-button'.</msg>
<arg>id=login-button</arg>
<doc>Clicks the button identified by ``locator``.</doc>
<status status="PASS" start="2025-02-19T14:16:59.615943" elapsed="0.266736"/>
</kw>
<status status="PASS" start="2025-02-19T14:16:59.615330" elapsed="0.269743"/>
</kw>
<kw name="I am able view the home page" owner="keywords_login">
<kw name="Get Location" owner="SeleniumLibrary">
<msg time="2025-02-19T14:16:59.902986" level="INFO">${location} = https://www.saucedemo.com/inventory.html</msg>
<var>${location}</var>
<doc>Returns the current browser window URL.</doc>
<status status="PASS" start="2025-02-19T14:16:59.893309" elapsed="0.010085"/>
</kw>
<kw name="Catenate" owner="BuiltIn">
<msg time="2025-02-19T14:16:59.907094" level="INFO">${full_url} = https://www.saucedemo.com/inventory.html</msg>
<var>${full_url}</var>
<arg>SEPARATOR=</arg>
<arg>${URL_DATA["baseUrl"]}</arg>
<arg>${URL_DATA["inventoryUrl"]}</arg>
<doc>Catenates the given items together and returns the resulted string.</doc>
<status status="PASS" start="2025-02-19T14:16:59.904219" elapsed="0.003086"/>
</kw>
<kw name="Should Be Equal" owner="BuiltIn">
<arg>${location}</arg>
<arg>${full_url}</arg>
<doc>Fails if the given objects are unequal.</doc>
<status status="PASS" start="2025-02-19T14:16:59.907585" elapsed="0.000399"/>
</kw>
<status status="PASS" start="2025-02-19T14:16:59.892534" elapsed="0.015644"/>
</kw>
<status status="PASS" start="2025-02-19T14:16:55.932411" elapsed="3.982039"/>
</test>
<test id="s1-t2" name="Unsuccessful Login - No credentials" line="13">
<kw name="I navigate to the login page" owner="keywords_login">
<kw name="Go To" owner="SeleniumLibrary">
<msg time="2025-02-19T14:16:59.944043" level="INFO">Opening url 'https://www.saucedemo.com'</msg>
<arg>${URL_DATA["baseUrl"]}</arg>
<doc>Navigates the current browser window to the provided ``url``.</doc>
<status status="PASS" start="2025-02-19T14:16:59.942625" elapsed="0.289907"/>
</kw>
<status status="PASS" start="2025-02-19T14:16:59.941816" elapsed="0.291207"/>
</kw>
<kw name="I input no credentials" owner="keywords_login">
<kw name="Wait Until Element Is Visible" owner="SeleniumLibrary">
<arg>id=user-name</arg>
<doc>Waits until the element ``locator`` is visible.</doc>
<status status="PASS" start="2025-02-19T14:17:00.235818" elapsed="0.033150"/>
</kw>
<status status="PASS" start="2025-02-19T14:17:00.234375" elapsed="0.035002"/>
</kw>
<kw name="I click on the login button" owner="keywords_login">
<kw name="Click Button" owner="SeleniumLibrary">
<msg time="2025-02-19T14:17:00.275362" level="INFO">Clicking button 'id=login-button'.</msg>
<arg>id=login-button</arg>
<doc>Clicks the button identified by ``locator``.</doc>
<status status="PASS" start="2025-02-19T14:17:00.274923" elapsed="0.170640"/>
</kw>
<status status="PASS" start="2025-02-19T14:17:00.274214" elapsed="0.172233"/>
</kw>
<kw name="I am able to see the expected error message for no credentials" owner="keywords_login">
<kw name="Wait Until Element Contains" owner="SeleniumLibrary">
<arg>class=error-message-container</arg>
<arg>${ERROR_MESSAGES["noCredentials"]}</arg>
<doc>Waits until the element ``locator`` contains ``text``.</doc>
<status status="PASS" start="2025-02-19T14:17:00.450525" elapsed="0.091593"/>
</kw>
<status status="PASS" start="2025-02-19T14:17:00.449986" elapsed="0.092426"/>
</kw>
<status status="PASS" start="2025-02-19T14:16:59.940258" elapsed="0.602888"/>
</test>
<test id="s1-t3" name="Unsuccessful Login - No Username" line="19">
<kw name="I navigate to the login page" owner="keywords_login">
<kw name="Go To" owner="SeleniumLibrary">
<msg time="2025-02-19T14:17:00.548585" level="INFO">Opening url 'https://www.saucedemo.com'</msg>
<arg>${URL_DATA["baseUrl"]}</arg>
<doc>Navigates the current browser window to the provided ``url``.</doc>
<status status="PASS" start="2025-02-19T14:17:00.547958" elapsed="0.182813"/>
</kw>
<status status="PASS" start="2025-02-19T14:17:00.547539" elapsed="0.183643"/>
</kw>
<kw name="Wait Until Element Is Visible" owner="SeleniumLibrary">
<arg>id=user-name</arg>
<doc>Waits until the element ``locator`` is visible.</doc>
<status status="PASS" start="2025-02-19T14:17:00.738382" elapsed="0.028464"/>
</kw>
<kw name="I input only the password" owner="keywords_login">
<kw name="Wait Until Element Is Visible" owner="SeleniumLibrary">
<arg>id=user-name</arg>
<doc>Waits until the element ``locator`` is visible.</doc>
<status status="PASS" start="2025-02-19T14:17:00.769939" elapsed="0.040473"/>
</kw>
<kw name="Input Text" owner="SeleniumLibrary">
<msg time="2025-02-19T14:17:00.812014" level="INFO">Typing text 'secret_sauce' into text field 'id=password'.</msg>
<arg>id=password</arg>
<arg>${LOGIN_DATA["correctData"]["password"]}</arg>
<doc>Types the given ``text`` into the text field identified by ``locator``.</doc>
<status status="PASS" start="2025-02-19T14:17:00.810794" elapsed="0.254412"/>
</kw>
<status status="PASS" start="2025-02-19T14:17:00.767481" elapsed="0.297947"/>
</kw>
<kw name="I click on the login button" owner="keywords_login">
<kw name="Click Button" owner="SeleniumLibrary">
<msg time="2025-02-19T14:17:01.066596" level="INFO">Clicking button 'id=login-button'.</msg>
<arg>id=login-button</arg>
<doc>Clicks the button identified by ``locator``.</doc>
<status status="PASS" start="2025-02-19T14:17:01.066339" elapsed="0.112171"/>
</kw>
<status status="PASS" start="2025-02-19T14:17:01.065957" elapsed="0.112896"/>
</kw>
<kw name="I am able to see the expected error message for no username" owner="keywords_login">
<kw name="Wait Until Element Contains" owner="SeleniumLibrary">
<arg>class=error-message-container</arg>
<arg>${ERROR_MESSAGES["noUsername"]}</arg>
<doc>Waits until the element ``locator`` contains ``text``.</doc>
<status status="PASS" start="2025-02-19T14:17:01.180593" elapsed="0.034947"/>
</kw>
<status status="PASS" start="2025-02-19T14:17:01.179755" elapsed="0.036045"/>
</kw>
<status status="PASS" start="2025-02-19T14:17:00.546841" elapsed="0.669458"/>
</test>
<test id="s1-t4" name="Unsuccessful Login - No password" line="27">
<kw name="I navigate to the login page" owner="keywords_login">
<kw name="Go To" owner="SeleniumLibrary">
<msg time="2025-02-19T14:17:01.231114" level="INFO">Opening url 'https://www.saucedemo.com'</msg>
<arg>${URL_DATA["baseUrl"]}</arg>
<doc>Navigates the current browser window to the provided ``url``.</doc>
<status status="PASS" start="2025-02-19T14:17:01.230485" elapsed="0.136375"/>
</kw>
<status status="PASS" start="2025-02-19T14:17:01.229317" elapsed="0.137830"/>
</kw>
<kw name="Wait Until Element Is Visible" owner="SeleniumLibrary">
<arg>id=user-name</arg>
<doc>Waits until the element ``locator`` is visible.</doc>
<status status="PASS" start="2025-02-19T14:17:01.373575" elapsed="0.026179"/>
</kw>
<kw name="I input only the username" owner="keywords_login">
<kw name="Wait Until Element Is Visible" owner="SeleniumLibrary">
<arg>id=user-name</arg>
<doc>Waits until the element ``locator`` is visible.</doc>
<status status="PASS" start="2025-02-19T14:17:01.400768" elapsed="0.027202"/>
</kw>
<kw name="Input Text" owner="SeleniumLibrary">
<msg time="2025-02-19T14:17:01.429086" level="INFO">Typing text 'standard_user' into text field 'id=user-name'.</msg>
<arg>id=user-name</arg>
<arg>${LOGIN_DATA["correctData"]["username"]}</arg>
<doc>Types the given ``text`` into the text field identified by ``locator``.</doc>
<status status="PASS" start="2025-02-19T14:17:01.428338" elapsed="0.170490"/>
</kw>
<status status="PASS" start="2025-02-19T14:17:01.400324" elapsed="0.198856"/>
</kw>
<kw name="I click on the login button" owner="keywords_login">
<kw name="Click Button" owner="SeleniumLibrary">
<msg time="2025-02-19T14:17:01.602221" level="INFO">Clicking button 'id=login-button'.</msg>
<arg>id=login-button</arg>
<doc>Clicks the button identified by ``locator``.</doc>
<status status="PASS" start="2025-02-19T14:17:01.601789" elapsed="0.112650"/>
</kw>
<status status="PASS" start="2025-02-19T14:17:01.600512" elapsed="0.114186"/>
</kw>
<kw name="I am able to see the expected error message for no password" owner="keywords_login">
<kw name="Wait Until Element Contains" owner="SeleniumLibrary">
<arg>class=error-message-container</arg>
<arg>${ERROR_MESSAGES["noPassword"]}</arg>
<doc>Waits until the element ``locator`` contains ``text``.</doc>
<status status="PASS" start="2025-02-19T14:17:01.720212" elapsed="0.028749"/>
</kw>
<status status="PASS" start="2025-02-19T14:17:01.719414" elapsed="0.029817"/>
</kw>
<status status="PASS" start="2025-02-19T14:17:01.228162" elapsed="0.521603"/>
</test>
<test id="s1-t5" name="Unsuccessful Login - Wrong credentials" line="36">
<kw name="I navigate to the login page" owner="keywords_login">
<kw name="Go To" owner="SeleniumLibrary">
<msg time="2025-02-19T14:17:01.761740" level="INFO">Opening url 'https://www.saucedemo.com'</msg>
<arg>${URL_DATA["baseUrl"]}</arg>
<doc>Navigates the current browser window to the provided ``url``.</doc>
<status status="PASS" start="2025-02-19T14:17:01.761089" elapsed="0.101878"/>
</kw>
<status status="PASS" start="2025-02-19T14:17:01.760657" elapsed="0.102768"/>
</kw>
<kw name="I input wrong credentials" owner="keywords_login">
<kw name="Wait Until Element Is Visible" owner="SeleniumLibrary">
<arg>id=user-name</arg>
<doc>Waits until the element ``locator`` is visible.</doc>
<status status="PASS" start="2025-02-19T14:17:01.880525" elapsed="0.032657"/>
</kw>
<kw name="Input Text" owner="SeleniumLibrary">
<msg time="2025-02-19T14:17:01.914290" level="INFO">Typing text 'teste' into text field 'id=user-name'.</msg>
<arg>id=user-name</arg>
<arg>${LOGIN_DATA["wrongData"]["username"]}</arg>
<doc>Types the given ``text`` into the text field identified by ``locator``.</doc>
<status status="PASS" start="2025-02-19T14:17:01.913507" elapsed="0.118131"/>
</kw>
<kw name="Input Text" owner="SeleniumLibrary">
<msg time="2025-02-19T14:17:02.032959" level="INFO">Typing text 'teste' into text field 'id=password'.</msg>
<arg>id=password</arg>
<arg>${LOGIN_DATA["wrongData"]["password"]}</arg>
<doc>Types the given ``text`` into the text field identified by ``locator``.</doc>
<status status="PASS" start="2025-02-19T14:17:02.032194" elapsed="0.115119"/>
</kw>
<status status="PASS" start="2025-02-19T14:17:01.880012" elapsed="0.267571"/>
</kw>
<kw name="I click on the login button" owner="keywords_login">
<kw name="Click Button" owner="SeleniumLibrary">
<msg time="2025-02-19T14:17:02.149075" level="INFO">Clicking button 'id=login-button'.</msg>
<arg>id=login-button</arg>
<doc>Clicks the button identified by ``locator``.</doc>
<status status="PASS" start="2025-02-19T14:17:02.148690" elapsed="0.114781"/>
</kw>
<status status="PASS" start="2025-02-19T14:17:02.148193" elapsed="0.115579"/>
</kw>
<kw name="I am able to see the expected error message for wrong Credentials" owner="keywords_login">
<kw name="Wait Until Element Contains" owner="SeleniumLibrary">
<arg>class=error-message-container</arg>
<arg>${ERROR_MESSAGES["wrondCredentials"]}</arg>
<doc>Waits until the element ``locator`` contains ``text``.</doc>
<status status="PASS" start="2025-02-19T14:17:02.265325" elapsed="0.029120"/>
</kw>
<status status="PASS" start="2025-02-19T14:17:02.264803" elapsed="0.029958"/>
</kw>
<status status="PASS" start="2025-02-19T14:17:01.759789" elapsed="0.535873"/>
</test>
<status status="PASS" start="2025-02-19T14:16:50.531103" elapsed="11.766395"/>
</suite>
<statistics>
<total>
<stat pass="5" fail="0" skip="0">All Tests</stat>
</total>
<tag>
</tag>
<suite>
<stat name="Login Steps" id="s1" pass="5" fail="0" skip="0">Login Steps</stat>
</suite>
</statistics>
<errors>
</errors>
</robot>
