<?xml version="1.0" encoding="UTF-8"?>
<robot generator="Robot 7.2.2 (Python 3.13.2 on win32)" generated="2025-02-19T08:57:10.352913" rpa="false" schemaversion="5">
<suite id="s1" name="Login Steps" source="c:\development\studyRobot-lume\test\login_steps.robot">
<test id="s1-t1" name="Successful login" line="13">
<kw name="Open Browser" owner="SeleniumLibrary" type="SETUP">
<msg time="2025-02-19T08:57:11.022223" level="INFO">Opening browser 'edge' to base url 'None'.</msg>
<arg>browser=edge</arg>
<doc>Opens a new browser instance to the optional ``url``.</doc>
<status status="PASS" start="2025-02-19T08:57:11.021367" elapsed="3.188459"/>
</kw>
<kw name="I navigate to the login page" owner="keywords_login">
<kw name="Go To" owner="SeleniumLibrary">
<msg time="2025-02-19T08:57:14.211930" level="INFO">Opening url 'https://www.saucedemo.com/'</msg>
<arg>${URL}</arg>
<doc>Navigates the current browser window to the provided ``url``.</doc>
<status status="PASS" start="2025-02-19T08:57:14.211598" elapsed="2.441716"/>
</kw>
<arg>${URL}</arg>
<status status="PASS" start="2025-02-19T08:57:14.210938" elapsed="2.443086"/>
</kw>
<kw name="I input correct credentials" owner="keywords_login">
<kw name="Wait Until Element Is Visible" owner="SeleniumLibrary">
<arg>id=user-name</arg>
<doc>Waits until the element ``locator`` is visible.</doc>
<status status="PASS" start="2025-02-19T08:57:16.656748" elapsed="0.770591"/>
</kw>
<kw name="Input Text" owner="SeleniumLibrary">
<msg time="2025-02-19T08:57:17.428617" level="INFO">Typing text 'standard_user' into text field 'id=user-name'.</msg>
<arg>id=user-name</arg>
<arg>${USERNAME}</arg>
<doc>Types the given ``text`` into the text field identified by ``locator``.</doc>
<status status="PASS" start="2025-02-19T08:57:17.427790" elapsed="0.153964"/>
</kw>
<kw name="Input Text" owner="SeleniumLibrary">
<msg time="2025-02-19T08:57:17.582562" level="INFO">Typing text 'secret_sauce' into text field 'id=password'.</msg>
<arg>id=password</arg>
<arg>${PASSWORD}</arg>
<doc>Types the given ``text`` into the text field identified by ``locator``.</doc>
<status status="PASS" start="2025-02-19T08:57:17.582123" elapsed="0.106170"/>
</kw>
<arg>${USERNAME}</arg>
<arg>${PASSWORD}</arg>
<status status="PASS" start="2025-02-19T08:57:16.655590" elapsed="1.033211"/>
</kw>
<kw name="I click on the login button" owner="keywords_login">
<kw name="Click Button" owner="SeleniumLibrary">
<msg time="2025-02-19T08:57:17.691038" level="INFO">Clicking button 'id=login-button'.</msg>
<arg>id=login-button</arg>
<doc>Clicks the button identified by ``locator``.</doc>
<status status="PASS" start="2025-02-19T08:57:17.690652" elapsed="0.161880"/>
</kw>
<status status="PASS" start="2025-02-19T08:57:17.690088" elapsed="0.162813"/>
</kw>
<kw name="I am able view the home page" owner="keywords_login">
<kw name="Get Location" owner="SeleniumLibrary">
<msg time="2025-02-19T08:57:17.868533" level="INFO">${location} = https://www.saucedemo.com/inventory.html</msg>
<var>${location}</var>
<doc>Returns the current browser window URL.</doc>
<status status="PASS" start="2025-02-19T08:57:17.858236" elapsed="0.010513"/>
</kw>
<kw name="Should Be Equal" owner="BuiltIn">
<arg>${location}</arg>
<arg>https://www.saucedemo.com/inventory.html</arg>
<doc>Fails if the given objects are unequal.</doc>
<status status="PASS" start="2025-02-19T08:57:17.868993" elapsed="0.000368"/>
</kw>
<status status="PASS" start="2025-02-19T08:57:17.857492" elapsed="0.012088"/>
</kw>
<status status="PASS" start="2025-02-19T08:57:11.016519" elapsed="6.854529"/>
</test>
<test id="s1-t2" name="Unsuccessful Login - No credentials" line="19">
<kw name="Open Browser" owner="SeleniumLibrary" type="SETUP">
<msg time="2025-02-19T08:57:17.879111" level="INFO">Opening browser 'edge' to base url 'None'.</msg>
<arg>browser=edge</arg>
<doc>Opens a new browser instance to the optional ``url``.</doc>
<status status="PASS" start="2025-02-19T08:57:17.878565" elapsed="3.504915"/>
</kw>
<kw name="I navigate to the login page" owner="keywords_login">
<kw name="Go To" owner="SeleniumLibrary">
<msg time="2025-02-19T08:57:21.385703" level="INFO">Opening url 'https://www.saucedemo.com/'</msg>
<arg>${URL}</arg>
<doc>Navigates the current browser window to the provided ``url``.</doc>
<status status="PASS" start="2025-02-19T08:57:21.385227" elapsed="2.130928"/>
</kw>
<arg>${URL}</arg>
<status status="PASS" start="2025-02-19T08:57:21.384407" elapsed="2.132238"/>
</kw>
<kw name="I input no credentials" owner="keywords_login">
<kw name="Wait Until Element Is Visible" owner="SeleniumLibrary">
<arg>id=user-name</arg>
<doc>Waits until the element ``locator`` is visible.</doc>
<status status="PASS" start="2025-02-19T08:57:23.519043" elapsed="0.719252"/>
</kw>
<status status="PASS" start="2025-02-19T08:57:23.518519" elapsed="0.720025"/>
</kw>
<kw name="I click on the login button" owner="keywords_login">
<kw name="Click Button" owner="SeleniumLibrary">
<msg time="2025-02-19T08:57:24.239942" level="INFO">Clicking button 'id=login-button'.</msg>
<arg>id=login-button</arg>
<doc>Clicks the button identified by ``locator``.</doc>
<status status="PASS" start="2025-02-19T08:57:24.239622" elapsed="0.117021"/>
</kw>
<status status="PASS" start="2025-02-19T08:57:24.239152" elapsed="0.117777"/>
</kw>
<kw name="I am able to see the expected error message" owner="keywords_login">
<kw name="Wait Until Element Contains" owner="SeleniumLibrary">
<arg>class=error-message-container</arg>
<arg>${ERROR_MESSAGE}</arg>
<doc>Waits until the element ``locator`` contains ``text``.</doc>
<status status="PASS" start="2025-02-19T08:57:24.364360" elapsed="0.027609"/>
</kw>
<arg>Epic sadface: Username is required</arg>
<status status="PASS" start="2025-02-19T08:57:24.363634" elapsed="0.028602"/>
</kw>
<status status="PASS" start="2025-02-19T08:57:17.876975" elapsed="6.516091"/>
</test>
<test id="s1-t3" name="Unsuccessful Login - No Username" line="25">
<kw name="Open Browser" owner="SeleniumLibrary" type="SETUP">
<msg time="2025-02-19T08:57:24.398687" level="INFO">Opening browser 'edge' to base url 'None'.</msg>
<arg>browser=edge</arg>
<doc>Opens a new browser instance to the optional ``url``.</doc>
<status status="PASS" start="2025-02-19T08:57:24.398062" elapsed="3.170910"/>
</kw>
<kw name="I navigate to the login page" owner="keywords_login">
<kw name="Go To" owner="SeleniumLibrary">
<msg time="2025-02-19T08:57:27.570849" level="INFO">Opening url 'https://www.saucedemo.com/'</msg>
<arg>${URL}</arg>
<doc>Navigates the current browser window to the provided ``url``.</doc>
<status status="PASS" start="2025-02-19T08:57:27.570515" elapsed="2.645518"/>
</kw>
<arg>${URL}</arg>
<status status="PASS" start="2025-02-19T08:57:27.569874" elapsed="2.646568"/>
</kw>
<kw name="Wait Until Element Is Visible" owner="SeleniumLibrary">
<arg>id=user-name</arg>
<doc>Waits until the element ``locator`` is visible.</doc>
<status status="PASS" start="2025-02-19T08:57:30.217954" elapsed="0.028715"/>
</kw>
<kw name="I input only the password" owner="keywords_login">
<kw name="Wait Until Element Is Visible" owner="SeleniumLibrary">
<arg>id=user-name</arg>
<doc>Waits until the element ``locator`` is visible.</doc>
<status status="PASS" start="2025-02-19T08:57:30.247973" elapsed="0.018734"/>
</kw>
<kw name="Input Text" owner="SeleniumLibrary">
<msg time="2025-02-19T08:57:30.267456" level="INFO">Typing text 'secret_sauce' into text field 'id=password'.</msg>
<arg>id=password</arg>
<arg>${WRONG_PASSWORD}</arg>
<doc>Types the given ``text`` into the text field identified by ``locator``.</doc>
<status status="PASS" start="2025-02-19T08:57:30.267068" elapsed="0.135044"/>
</kw>
<arg>${PASSWORD}</arg>
<status status="PASS" start="2025-02-19T08:57:30.247423" elapsed="0.154992"/>
</kw>
<kw name="I click on the login button" owner="keywords_login">
<kw name="Click Button" owner="SeleniumLibrary">
<msg time="2025-02-19T08:57:30.411837" level="INFO">Clicking button 'id=login-button'.</msg>
<arg>id=login-button</arg>
<doc>Clicks the button identified by ``locator``.</doc>
<status status="PASS" start="2025-02-19T08:57:30.411466" elapsed="0.102815"/>
</kw>
<status status="PASS" start="2025-02-19T08:57:30.410825" elapsed="0.103945"/>
</kw>
<kw name="I am able to see the expected error message" owner="keywords_login">
<kw name="Wait Until Element Contains" owner="SeleniumLibrary">
<arg>class=error-message-container</arg>
<arg>${ERROR_MESSAGE}</arg>
<doc>Waits until the element ``locator`` contains ``text``.</doc>
<status status="PASS" start="2025-02-19T08:57:30.522115" elapsed="0.040970"/>
</kw>
<arg>Epic sadface: Username is required</arg>
<status status="PASS" start="2025-02-19T08:57:30.521196" elapsed="0.042241"/>
</kw>
<status status="PASS" start="2025-02-19T08:57:24.396980" elapsed="6.167386"/>
</test>
<test id="s1-t4" name="Unsuccessful Login - No password" line="34">
<kw name="Open Browser" owner="SeleniumLibrary" type="SETUP">
<msg time="2025-02-19T08:57:30.566945" level="INFO">Opening browser 'edge' to base url 'None'.</msg>
<arg>browser=edge</arg>
<doc>Opens a new browser instance to the optional ``url``.</doc>
<status status="PASS" start="2025-02-19T08:57:30.566639" elapsed="3.179538"/>
</kw>
<kw name="I navigate to the login page" owner="keywords_login">
<kw name="Go To" owner="SeleniumLibrary">
<msg time="2025-02-19T08:57:33.755115" level="INFO">Opening url 'https://www.saucedemo.com/'</msg>
<arg>${URL}</arg>
<doc>Navigates the current browser window to the provided ``url``.</doc>
<status status="PASS" start="2025-02-19T08:57:33.754805" elapsed="2.630740"/>
</kw>
<arg>${URL}</arg>
<status status="PASS" start="2025-02-19T08:57:33.754047" elapsed="2.632018"/>
</kw>
<kw name="Wait Until Element Is Visible" owner="SeleniumLibrary">
<arg>id=user-name</arg>
<doc>Waits until the element ``locator`` is visible.</doc>
<status status="PASS" start="2025-02-19T08:57:36.387448" elapsed="0.031860"/>
</kw>
<kw name="I input only the username" owner="keywords_login">
<kw name="Wait Until Element Is Visible" owner="SeleniumLibrary">
<arg>id=user-name</arg>
<doc>Waits until the element ``locator`` is visible.</doc>
<status status="PASS" start="2025-02-19T08:57:36.421461" elapsed="0.018468"/>
</kw>
<kw name="Input Text" owner="SeleniumLibrary">
<msg time="2025-02-19T08:57:36.440851" level="INFO">Typing text 'standard_user' into text field 'id=user-name'.</msg>
<arg>id=user-name</arg>
<arg>${USERNAME}</arg>
<doc>Types the given ``text`` into the text field identified by ``locator``.</doc>
<status status="PASS" start="2025-02-19T08:57:36.440346" elapsed="0.135629"/>
</kw>
<arg>${USERNAME}</arg>
<status status="PASS" start="2025-02-19T08:57:36.420241" elapsed="0.156045"/>
</kw>
<kw name="I click on the login button" owner="keywords_login">
<kw name="Click Button" owner="SeleniumLibrary">
<msg time="2025-02-19T08:57:36.578275" level="INFO">Clicking button 'id=login-button'.</msg>
<arg>id=login-button</arg>
<doc>Clicks the button identified by ``locator``.</doc>
<status status="PASS" start="2025-02-19T08:57:36.577811" elapsed="0.136920"/>
</kw>
<status status="PASS" start="2025-02-19T08:57:36.577167" elapsed="0.137799"/>
</kw>
<kw name="I am able to see the expected error message" owner="keywords_login">
<kw name="Wait Until Element Contains" owner="SeleniumLibrary">
<arg>class=error-message-container</arg>
<arg>${ERROR_MESSAGE}</arg>
<doc>Waits until the element ``locator`` contains ``text``.</doc>
<status status="PASS" start="2025-02-19T08:57:36.716200" elapsed="0.033936"/>
</kw>
<arg>Epic sadface: Password is required</arg>
<status status="PASS" start="2025-02-19T08:57:36.715757" elapsed="0.034630"/>
</kw>
<status status="PASS" start="2025-02-19T08:57:30.566002" elapsed="6.184895"/>
</test>
<test id="s1-t5" name="Unsuccessful Login - Wrong credentials" line="43">
<kw name="Open Browser" owner="SeleniumLibrary" type="SETUP">
<msg time="2025-02-19T08:57:36.754258" level="INFO">Opening browser 'edge' to base url 'None'.</msg>
<arg>browser=edge</arg>
<doc>Opens a new browser instance to the optional ``url``.</doc>
<status status="PASS" start="2025-02-19T08:57:36.753559" elapsed="4.836293"/>
</kw>
<kw name="I navigate to the login page" owner="keywords_login">
<kw name="Go To" owner="SeleniumLibrary">
<msg time="2025-02-19T08:57:41.591894" level="INFO">Opening url 'https://www.saucedemo.com/'</msg>
<arg>${URL}</arg>
<doc>Navigates the current browser window to the provided ``url``.</doc>
<status status="PASS" start="2025-02-19T08:57:41.591544" elapsed="2.134847"/>
</kw>
<arg>${URL}</arg>
<status status="PASS" start="2025-02-19T08:57:41.590904" elapsed="2.135933"/>
</kw>
<kw name="I input wrong credentials" owner="keywords_login">
<kw name="Wait Until Element Is Visible" owner="SeleniumLibrary">
<arg>id=user-name</arg>
<doc>Waits until the element ``locator`` is visible.</doc>
<status status="PASS" start="2025-02-19T08:57:43.730965" elapsed="0.713908"/>
</kw>
<kw name="Input Text" owner="SeleniumLibrary">
<msg time="2025-02-19T08:57:44.445583" level="INFO">Typing text 'TESTE' into text field 'id=user-name'.</msg>
<arg>id=user-name</arg>
<arg>${WRONG_USERNAME}</arg>
<doc>Types the given ``text`` into the text field identified by ``locator``.</doc>
<status status="PASS" start="2025-02-19T08:57:44.445202" elapsed="0.120179"/>
</kw>
<kw name="Input Text" owner="SeleniumLibrary">
<msg time="2025-02-19T08:57:44.566212" level="INFO">Typing text 'TESTE' into text field 'id=password'.</msg>
<arg>id=password</arg>
<arg>${WRONG_PASSWORD}</arg>
<doc>Types the given ``text`` into the text field identified by ``locator``.</doc>
<status status="PASS" start="2025-02-19T08:57:44.565745" elapsed="0.099943"/>
</kw>
<arg>TESTE</arg>
<arg>TESTE</arg>
<status status="PASS" start="2025-02-19T08:57:43.729224" elapsed="0.936717"/>
</kw>
<kw name="I click on the login button" owner="keywords_login">
<kw name="Click Button" owner="SeleniumLibrary">
<msg time="2025-02-19T08:57:44.667429" level="INFO">Clicking button 'id=login-button'.</msg>
<arg>id=login-button</arg>
<doc>Clicks the button identified by ``locator``.</doc>
<status status="PASS" start="2025-02-19T08:57:44.667085" elapsed="0.101196"/>
</kw>
<status status="PASS" start="2025-02-19T08:57:44.666546" elapsed="0.102072"/>
</kw>
<kw name="I am able to see the expected error message" owner="keywords_login">
<kw name="Wait Until Element Contains" owner="SeleniumLibrary">
<arg>class=error-message-container</arg>
<arg>${ERROR_MESSAGE}</arg>
<doc>Waits until the element ``locator`` contains ``text``.</doc>
<status status="PASS" start="2025-02-19T08:57:44.774476" elapsed="0.028756"/>
</kw>
<arg>Epic sadface: Username and password do not match any user in this service</arg>
<status status="PASS" start="2025-02-19T08:57:44.773845" elapsed="0.029692"/>
</kw>
<status status="PASS" start="2025-02-19T08:57:36.752392" elapsed="8.054420"/>
</test>
<status status="PASS" start="2025-02-19T08:57:10.360744" elapsed="34.448848"/>
</suite>
<statistics>
<total>
<stat pass="5" fail="0" skip="0">All Tests</stat>
</total>
<tag>
</tag>
<suite>
<stat name="Login Steps" id="s1" pass="5" fail="0" skip="0">Login Steps</stat>
</suite>
</statistics>
<errors>
</errors>
</robot>
